2025-05-23 07:31:45,756 - INFO - Starte Training auf Gerät: cuda
2025-05-23 07:31:45,760 - INFO - Train class_to_idx: {'0_real': 0, '1_fake': 1}
2025-05-23 07:31:45,760 - INFO - Val class_to_idx: {'0_real': 0, '1_fake': 1}
2025-05-23 07:31:58,318 - INFO - Epoche 1/20 - Loss: 51.3954, Train Acc: 53.86%, Val Acc: 63.48%, ETA: 232s
2025-05-23 07:32:10,445 - INFO - Epoche 2/20 - Loss: 27.9693, Train Acc: 70.22%, Val Acc: 65.45%, ETA: 219s
2025-05-23 07:32:22,571 - INFO - Epoche 3/20 - Loss: 21.7128, Train Acc: 77.81%, Val Acc: 63.76%, ETA: 207s
2025-05-23 07:32:34,692 - INFO - Epoche 4/20 - Loss: 19.9088, Train Acc: 79.92%, Val Acc: 65.17%, ETA: 194s
2025-05-23 07:32:46,777 - INFO - Epoche 5/20 - Loss: 17.3936, Train Acc: 81.95%, Val Acc: 66.85%, ETA: 182s
2025-05-23 07:32:58,928 - INFO - Epoche 6/20 - Loss: 16.2607, Train Acc: 83.99%, Val Acc: 67.70%, ETA: 170s
2025-05-23 07:33:11,038 - INFO - Epoche 7/20 - Loss: 15.3155, Train Acc: 85.81%, Val Acc: 69.10%, ETA: 158s
2025-05-23 07:33:23,173 - INFO - Epoche 8/20 - Loss: 14.1992, Train Acc: 85.67%, Val Acc: 68.54%, ETA: 146s
2025-05-23 07:33:35,274 - INFO - Epoche 9/20 - Loss: 12.7786, Train Acc: 87.57%, Val Acc: 71.07%, ETA: 133s
2025-05-23 07:33:47,946 - INFO - Epoche 10/20 - Loss: 10.7812, Train Acc: 89.61%, Val Acc: 70.22%, ETA: 122s
2025-05-23 07:34:00,233 - INFO - Epoche 11/20 - Loss: 11.1764, Train Acc: 90.38%, Val Acc: 71.35%, ETA: 110s
2025-05-23 07:34:12,404 - INFO - Epoche 12/20 - Loss: 9.3884, Train Acc: 91.64%, Val Acc: 72.47%, ETA: 98s
2025-05-23 07:34:24,475 - INFO - Epoche 13/20 - Loss: 9.9042, Train Acc: 90.73%, Val Acc: 71.35%, ETA: 85s
2025-05-23 07:34:36,568 - INFO - Epoche 14/20 - Loss: 8.4490, Train Acc: 91.71%, Val Acc: 70.79%, ETA: 73s
2025-05-23 07:34:48,818 - INFO - Epoche 15/20 - Loss: 7.8702, Train Acc: 92.98%, Val Acc: 72.75%, ETA: 61s
2025-05-23 07:35:00,934 - INFO - Epoche 16/20 - Loss: 7.1150, Train Acc: 93.61%, Val Acc: 71.07%, ETA: 49s
2025-05-23 07:35:13,009 - INFO - Epoche 17/20 - Loss: 7.2642, Train Acc: 93.33%, Val Acc: 72.47%, ETA: 37s
2025-05-23 07:35:25,121 - INFO - Epoche 18/20 - Loss: 5.4918, Train Acc: 95.15%, Val Acc: 73.03%, ETA: 24s
2025-05-23 07:35:37,209 - INFO - Epoche 19/20 - Loss: 4.6515, Train Acc: 96.07%, Val Acc: 73.03%, ETA: 12s
2025-05-23 07:35:49,275 - INFO - Epoche 20/20 - Loss: 5.2597, Train Acc: 95.44%, Val Acc: 73.60%, ETA: 0s
2025-05-23 07:35:49,351 - INFO - Modell gespeichert unter: checkpoints\efficientnet_b4_celebdf_only_finetuned.pth
