2025-05-14 09:09:03,849 - INFO - Starte Parameter-Test mit Grid Search
2025-05-14 09:09:03,849 - INFO - Test: LR=0.0001, Batch=16
2025-05-14 09:09:26,907 - INFO - Ergebnis: Val Acc = 80.06%
2025-05-14 09:09:26,907 - INFO - Test: LR=0.0001, Batch=32
2025-05-14 09:09:48,928 - INFO - Ergebnis: Val Acc = 75.84%
2025-05-14 09:09:48,928 - INFO - Test: LR=5e-05, Batch=16
2025-05-14 09:10:11,824 - INFO - Ergebnis: Val Acc = 74.16%
2025-05-14 09:10:11,824 - INFO - Test: LR=5e-05, Batch=32
2025-05-14 09:10:33,842 - INFO - Ergebnis: Val Acc = 73.03%
2025-05-14 09:10:33,842 - INFO - Beste Parameterkombination: LR=0.0001 | Batch=16 | Acc=80.06%
2025-05-14 09:26:45,144 - INFO - Starte Parameter-Test mit Grid Search
2025-05-14 09:26:45,144 - INFO - Test: LR=0.0001, Batch=16
2025-05-14 09:28:12,925 - INFO - Ergebnis: Val Acc = 71.16%
2025-05-14 09:28:12,925 - INFO - Test: LR=0.0001, Batch=32
2025-05-14 09:29:35,958 - INFO - Ergebnis: Val Acc = 68.86%
2025-05-14 09:29:35,958 - INFO - Test: LR=5e-05, Batch=16
2025-05-14 09:31:02,490 - INFO - Ergebnis: Val Acc = 69.43%
2025-05-14 09:31:02,490 - INFO - Test: LR=5e-05, Batch=32
2025-05-14 09:32:25,068 - INFO - Ergebnis: Val Acc = 67.63%
2025-05-14 09:32:25,068 - INFO - Beste Parameterkombination: LR=0.0001 | Batch=16 | Acc=71.16%
