2025-05-14 09:09:03,866 - INFO - Starte Training auf Gerät: cuda
2025-05-14 09:09:11,563 - INFO - Epoche 1/3 - Loss: 58.6276, Train Acc: 60.81%, Val Acc: 70.51%, ETA: 15s
2025-05-14 09:09:19,272 - INFO - Epoche 2/3 - Loss: 45.1778, Train Acc: 75.35%, Val Acc: 76.97%, ETA: 8s
2025-05-14 09:09:26,886 - INFO - Epoche 3/3 - Loss: 34.0042, Train Acc: 83.22%, Val Acc: 80.06%, ETA: 0s
2025-05-14 09:09:26,906 - INFO - Modell gespeichert unter: checkpoints\mobilenet_v2_celebdf_only_finetuned.pth
2025-05-14 09:09:26,907 - INFO - Starte Training auf Gerät: cuda
2025-05-14 09:09:34,252 - INFO - Epoche 1/3 - Loss: 30.3751, Train Acc: 56.53%, Val Acc: 67.13%, ETA: 15s
2025-05-14 09:09:41,511 - INFO - Epoche 2/3 - Loss: 24.5750, Train Acc: 73.38%, Val Acc: 75.84%, ETA: 7s
2025-05-14 09:09:48,907 - INFO - Epoche 3/3 - Loss: 19.0214, Train Acc: 81.95%, Val Acc: 75.84%, ETA: 0s
2025-05-14 09:09:48,927 - INFO - Modell gespeichert unter: checkpoints\mobilenet_v2_celebdf_only_finetuned.pth
2025-05-14 09:09:48,928 - INFO - Starte Training auf Gerät: cuda
2025-05-14 09:09:56,499 - INFO - Epoche 1/3 - Loss: 60.6453, Train Acc: 56.18%, Val Acc: 66.01%, ETA: 15s
2025-05-14 09:10:04,240 - INFO - Epoche 2/3 - Loss: 53.5104, Train Acc: 69.59%, Val Acc: 73.03%, ETA: 8s
2025-05-14 09:10:11,804 - INFO - Epoche 3/3 - Loss: 46.3284, Train Acc: 74.65%, Val Acc: 74.16%, ETA: 0s
2025-05-14 09:10:11,823 - INFO - Modell gespeichert unter: checkpoints\mobilenet_v2_celebdf_only_finetuned.pth
2025-05-14 09:10:11,825 - INFO - Starte Training auf Gerät: cuda
2025-05-14 09:10:19,410 - INFO - Epoche 1/3 - Loss: 30.6276, Train Acc: 56.32%, Val Acc: 65.73%, ETA: 15s
2025-05-14 09:10:26,590 - INFO - Epoche 2/3 - Loss: 27.8762, Train Acc: 69.80%, Val Acc: 70.79%, ETA: 7s
2025-05-14 09:10:33,821 - INFO - Epoche 3/3 - Loss: 24.6518, Train Acc: 75.56%, Val Acc: 73.03%, ETA: 0s
2025-05-14 09:10:33,841 - INFO - Modell gespeichert unter: checkpoints\mobilenet_v2_celebdf_only_finetuned.pth
2025-05-14 09:25:05,251 - INFO - Starte Training auf Gerät: cuda
2025-05-14 09:25:12,952 - INFO - Epoche 1/20 - Loss: 59.4598, Train Acc: 58.01%, Val Acc: 67.98%, ETA: 145s
2025-05-14 09:25:20,655 - INFO - Epoche 2/20 - Loss: 46.4644, Train Acc: 74.30%, Val Acc: 76.40%, ETA: 138s
2025-05-14 09:25:28,271 - INFO - Epoche 3/20 - Loss: 33.7877, Train Acc: 83.78%, Val Acc: 76.40%, ETA: 130s
2025-05-14 09:25:35,868 - INFO - Epoche 4/20 - Loss: 25.5021, Train Acc: 87.71%, Val Acc: 79.21%, ETA: 122s
2025-05-14 09:25:43,535 - INFO - Epoche 5/20 - Loss: 22.3518, Train Acc: 89.47%, Val Acc: 81.46%, ETA: 115s
2025-05-14 09:25:51,422 - INFO - Epoche 6/20 - Loss: 17.9893, Train Acc: 92.06%, Val Acc: 82.87%, ETA: 108s
2025-05-14 09:25:59,063 - INFO - Epoche 7/20 - Loss: 15.7021, Train Acc: 92.49%, Val Acc: 76.40%, ETA: 100s
2025-05-14 09:26:06,683 - INFO - Epoche 8/20 - Loss: 13.4819, Train Acc: 94.31%, Val Acc: 76.69%, ETA: 92s
2025-05-14 09:26:14,434 - INFO - Epoche 9/20 - Loss: 11.1598, Train Acc: 95.22%, Val Acc: 83.15%, ETA: 84s
2025-05-14 09:26:22,106 - INFO - Epoche 10/20 - Loss: 9.2896, Train Acc: 96.63%, Val Acc: 78.65%, ETA: 77s
2025-05-14 09:26:29,634 - INFO - Epoche 11/20 - Loss: 9.3195, Train Acc: 95.65%, Val Acc: 82.87%, ETA: 69s
2025-05-14 09:26:37,255 - INFO - Epoche 12/20 - Loss: 10.8903, Train Acc: 94.80%, Val Acc: 82.58%, ETA: 61s
2025-05-14 09:26:45,122 - INFO - Epoche 13/20 - Loss: 7.1238, Train Acc: 96.98%, Val Acc: 82.30%, ETA: 54s
2025-05-14 09:26:45,122 - WARNING - Early stopping ausgelöst nach 13 Epochen.
2025-05-14 09:26:45,142 - INFO - Modell gespeichert unter: checkpoints\mobilenet_v2_celebdf_only_finetuned.pth
2025-05-14 09:26:45,144 - INFO - Starte Training auf Gerät: cuda
2025-05-14 09:27:14,290 - INFO - Epoche 1/3 - Loss: 73.6920, Train Acc: 56.25%, Val Acc: 64.42%, ETA: 58s
2025-05-14 09:27:43,595 - INFO - Epoche 2/3 - Loss: 61.8862, Train Acc: 70.58%, Val Acc: 67.46%, ETA: 29s
2025-05-14 09:28:12,901 - INFO - Epoche 3/3 - Loss: 48.7691, Train Acc: 78.21%, Val Acc: 71.16%, ETA: 0s
2025-05-14 09:28:12,923 - INFO - Modell gespeichert unter: checkpoints\mobilenet_v2_celebdf_ff_finetuned.pth
2025-05-14 09:28:12,925 - INFO - Starte Training auf Gerät: cuda
2025-05-14 09:28:40,724 - INFO - Epoche 1/3 - Loss: 37.3809, Train Acc: 56.19%, Val Acc: 59.49%, ETA: 55s
2025-05-14 09:29:08,317 - INFO - Epoche 2/3 - Loss: 31.8690, Train Acc: 71.04%, Val Acc: 67.38%, ETA: 28s
2025-05-14 09:29:35,931 - INFO - Epoche 3/3 - Loss: 25.4725, Train Acc: 79.53%, Val Acc: 68.86%, ETA: 0s
2025-05-14 09:29:35,956 - INFO - Modell gespeichert unter: checkpoints\mobilenet_v2_celebdf_ff_finetuned.pth
2025-05-14 09:29:35,958 - INFO - Starte Training auf Gerät: cuda
2025-05-14 09:30:04,661 - INFO - Epoche 1/3 - Loss: 74.1500, Train Acc: 55.56%, Val Acc: 61.79%, ETA: 57s
2025-05-14 09:30:33,677 - INFO - Epoche 2/3 - Loss: 66.5123, Train Acc: 68.23%, Val Acc: 67.79%, ETA: 29s
2025-05-14 09:31:02,465 - INFO - Epoche 3/3 - Loss: 57.8060, Train Acc: 74.20%, Val Acc: 69.43%, ETA: 0s
2025-05-14 09:31:02,488 - INFO - Modell gespeichert unter: checkpoints\mobilenet_v2_celebdf_ff_finetuned.pth
2025-05-14 09:31:02,490 - INFO - Starte Training auf Gerät: cuda
2025-05-14 09:31:29,695 - INFO - Epoche 1/3 - Loss: 38.1642, Train Acc: 50.80%, Val Acc: 60.72%, ETA: 54s
2025-05-14 09:31:57,220 - INFO - Epoche 2/3 - Loss: 35.2998, Train Acc: 66.46%, Val Acc: 64.67%, ETA: 27s
2025-05-14 09:32:25,037 - INFO - Epoche 3/3 - Loss: 31.8641, Train Acc: 73.17%, Val Acc: 67.63%, ETA: 0s
2025-05-14 09:32:25,067 - INFO - Modell gespeichert unter: checkpoints\mobilenet_v2_celebdf_ff_finetuned.pth
2025-05-14 10:10:48,258 - INFO - Starte Training auf Gerät: cuda
2025-05-14 10:11:17,298 - INFO - Epoche 1/20 - Loss: 73.3264, Train Acc: 58.08%, Val Acc: 65.41%, ETA: 551s
2025-05-14 10:11:43,896 - INFO - Epoche 2/20 - Loss: 59.3214, Train Acc: 72.25%, Val Acc: 68.45%, ETA: 500s
2025-05-14 10:12:13,545 - INFO - Epoche 3/20 - Loss: 46.4309, Train Acc: 80.96%, Val Acc: 69.76%, ETA: 483s
2025-05-14 10:12:42,669 - INFO - Epoche 4/20 - Loss: 36.3145, Train Acc: 84.81%, Val Acc: 70.09%, ETA: 457s
2025-05-14 10:13:12,044 - INFO - Epoche 5/20 - Loss: 29.4506, Train Acc: 88.65%, Val Acc: 68.94%, ETA: 431s
2025-05-14 10:13:41,641 - INFO - Epoche 6/20 - Loss: 25.8666, Train Acc: 90.19%, Val Acc: 72.88%, ETA: 404s
2025-05-14 10:14:11,131 - INFO - Epoche 7/20 - Loss: 23.3313, Train Acc: 91.06%, Val Acc: 71.90%, ETA: 377s
2025-05-14 10:14:40,041 - INFO - Epoche 8/20 - Loss: 19.3766, Train Acc: 92.95%, Val Acc: 71.16%, ETA: 348s
2025-05-14 10:15:09,195 - INFO - Epoche 9/20 - Loss: 18.0389, Train Acc: 92.78%, Val Acc: 71.49%, ETA: 319s
2025-05-14 10:15:38,773 - INFO - Epoche 10/20 - Loss: 15.6626, Train Acc: 93.92%, Val Acc: 74.12%, ETA: 290s
2025-05-14 10:16:08,188 - INFO - Epoche 11/20 - Loss: 14.1473, Train Acc: 94.50%, Val Acc: 73.13%, ETA: 262s
2025-05-14 10:16:37,348 - INFO - Epoche 12/20 - Loss: 14.8604, Train Acc: 94.09%, Val Acc: 73.46%, ETA: 233s
2025-05-14 10:17:06,396 - INFO - Epoche 13/20 - Loss: 14.7866, Train Acc: 94.55%, Val Acc: 72.97%, ETA: 204s
2025-05-14 10:17:35,328 - INFO - Epoche 14/20 - Loss: 10.7430, Train Acc: 95.99%, Val Acc: 73.38%, ETA: 174s
2025-05-14 10:17:35,328 - WARNING - Early stopping ausgelöst nach 14 Epochen.
2025-05-14 10:17:35,347 - INFO - Modell gespeichert unter: checkpoints\mobilenet_v2_celebdf_ff_finetuned.pth
