2025-05-14 09:13:28,673 - INFO - Starte Training auf Gerät: cuda
2025-05-14 09:13:48,853 - INFO - Epoche 1/20 - Loss: 67.3498, Train Acc: 51.40%, Val Acc: 52.81%, ETA: 365s
2025-05-14 09:14:08,023 - INFO - Epoche 2/20 - Loss: 63.1535, Train Acc: 54.07%, Val Acc: 55.62%, ETA: 346s
2025-05-14 09:14:27,155 - INFO - Epoche 3/20 - Loss: 62.8710, Train Acc: 57.30%, Val Acc: 50.56%, ETA: 326s
2025-05-14 09:14:46,263 - INFO - Epoche 4/20 - Loss: 57.0729, Train Acc: 61.87%, Val Acc: 60.11%, ETA: 307s
2025-05-14 09:15:05,403 - INFO - Epoche 5/20 - Loss: 57.7698, Train Acc: 58.57%, Val Acc: 61.52%, ETA: 287s
2025-05-14 09:15:24,582 - INFO - Epoche 6/20 - Loss: 55.6306, Train Acc: 62.92%, Val Acc: 62.92%, ETA: 268s
2025-05-14 09:15:43,996 - INFO - Epoche 7/20 - Loss: 53.8130, Train Acc: 65.87%, Val Acc: 58.15%, ETA: 250s
2025-05-14 09:16:03,211 - INFO - Epoche 8/20 - Loss: 53.3944, Train Acc: 65.66%, Val Acc: 56.18%, ETA: 230s
2025-05-14 09:16:22,439 - INFO - Epoche 9/20 - Loss: 50.3717, Train Acc: 68.47%, Val Acc: 58.43%, ETA: 211s
2025-05-14 09:16:41,636 - INFO - Epoche 10/20 - Loss: 48.4004, Train Acc: 72.05%, Val Acc: 64.61%, ETA: 192s
2025-05-14 09:17:00,813 - INFO - Epoche 11/20 - Loss: 47.5580, Train Acc: 72.61%, Val Acc: 66.57%, ETA: 173s
2025-05-14 09:17:20,011 - INFO - Epoche 12/20 - Loss: 44.6216, Train Acc: 74.23%, Val Acc: 64.04%, ETA: 154s
2025-05-14 09:17:39,213 - INFO - Epoche 13/20 - Loss: 42.8280, Train Acc: 76.47%, Val Acc: 68.54%, ETA: 134s
2025-05-14 09:17:58,379 - INFO - Epoche 14/20 - Loss: 41.9124, Train Acc: 75.91%, Val Acc: 64.61%, ETA: 115s
2025-05-14 09:18:17,539 - INFO - Epoche 15/20 - Loss: 39.2942, Train Acc: 77.60%, Val Acc: 66.01%, ETA: 96s
2025-05-14 09:18:36,769 - INFO - Epoche 16/20 - Loss: 38.7394, Train Acc: 79.28%, Val Acc: 66.57%, ETA: 77s
2025-05-14 09:18:55,976 - INFO - Epoche 17/20 - Loss: 37.6343, Train Acc: 80.13%, Val Acc: 66.29%, ETA: 58s
2025-05-14 09:18:55,976 - WARNING - Early stopping ausgelöst nach 17 Epochen.
2025-05-14 09:18:56,192 - INFO - Modell gespeichert unter: checkpoints\vit_base_patch16_224_celebdf_only_finetuned.pth
2025-05-14 09:42:54,773 - INFO - Starte Training auf Gerät: cuda
2025-05-14 09:43:36,227 - INFO - Epoche 1/20 - Loss: 83.5366, Train Acc: 51.20%, Val Acc: 51.44%, ETA: 775s
2025-05-14 09:44:16,829 - INFO - Epoche 2/20 - Loss: 77.6710, Train Acc: 52.58%, Val Acc: 48.56%, ETA: 732s
2025-05-14 09:44:57,336 - INFO - Epoche 3/20 - Loss: 75.4116, Train Acc: 55.05%, Val Acc: 54.56%, ETA: 691s
2025-05-14 09:45:37,871 - INFO - Epoche 4/20 - Loss: 72.6569, Train Acc: 57.28%, Val Acc: 56.04%, ETA: 650s
2025-05-14 09:46:18,426 - INFO - Epoche 5/20 - Loss: 71.0994, Train Acc: 61.24%, Val Acc: 52.10%, ETA: 609s
2025-05-14 09:46:58,843 - INFO - Epoche 6/20 - Loss: 71.9204, Train Acc: 58.77%, Val Acc: 57.03%, ETA: 568s
2025-05-14 09:47:39,400 - INFO - Epoche 7/20 - Loss: 67.2969, Train Acc: 64.62%, Val Acc: 57.85%, ETA: 527s
2025-05-14 09:48:20,194 - INFO - Epoche 8/20 - Loss: 65.9656, Train Acc: 65.88%, Val Acc: 58.67%, ETA: 487s
2025-05-14 09:49:00,962 - INFO - Epoche 9/20 - Loss: 62.8570, Train Acc: 68.81%, Val Acc: 59.08%, ETA: 447s
2025-05-14 09:49:41,783 - INFO - Epoche 10/20 - Loss: 61.7606, Train Acc: 68.35%, Val Acc: 59.98%, ETA: 406s
2025-05-14 09:50:22,388 - INFO - Epoche 11/20 - Loss: 58.7171, Train Acc: 71.56%, Val Acc: 58.59%, ETA: 366s
2025-05-14 09:51:03,154 - INFO - Epoche 12/20 - Loss: 57.1755, Train Acc: 73.51%, Val Acc: 61.13%, ETA: 325s
2025-05-14 09:51:43,802 - INFO - Epoche 13/20 - Loss: 52.6322, Train Acc: 75.80%, Val Acc: 60.39%, ETA: 284s
2025-05-14 09:52:24,498 - INFO - Epoche 14/20 - Loss: 51.4651, Train Acc: 76.83%, Val Acc: 63.27%, ETA: 244s
2025-05-14 09:53:05,090 - INFO - Epoche 15/20 - Loss: 45.5895, Train Acc: 80.05%, Val Acc: 61.38%, ETA: 203s
2025-05-14 09:53:45,823 - INFO - Epoche 16/20 - Loss: 43.0767, Train Acc: 81.54%, Val Acc: 62.61%, ETA: 163s
2025-05-14 09:54:26,461 - INFO - Epoche 17/20 - Loss: 41.9052, Train Acc: 82.45%, Val Acc: 60.56%, ETA: 122s
2025-05-14 09:55:07,061 - INFO - Epoche 18/20 - Loss: 41.5731, Train Acc: 80.62%, Val Acc: 61.46%, ETA: 81s
2025-05-14 09:55:07,061 - WARNING - Early stopping ausgelöst nach 18 Epochen.
2025-05-14 09:55:07,275 - INFO - Modell gespeichert unter: checkpoints\vit_base_patch16_224_celebdf_ff_finetuned.pth
