2025-05-23 07:40:18,283 - INFO - Starte Training auf Gerät: cuda
2025-05-23 07:40:18,291 - INFO - Train class_to_idx: {'0_real': 0, '1_fake': 1}
2025-05-23 07:40:18,291 - INFO - Val class_to_idx: {'0_real': 0, '1_fake': 1}
2025-05-23 07:40:46,230 - INFO - Epoche 1/3 - Loss: 74.3404, Train Acc: 56.02%, Val Acc: 63.43%, ETA: 56s
2025-05-23 07:41:14,459 - INFO - Epoche 2/3 - Loss: 60.1532, Train Acc: 72.36%, Val Acc: 68.61%, ETA: 28s
2025-05-23 07:41:42,552 - INFO - Epoche 3/3 - Loss: 47.5089, Train Acc: 79.36%, Val Acc: 69.84%, ETA: 0s
2025-05-23 07:41:42,572 - INFO - Modell gespeichert unter: checkpoints\mobilenet_v2_celebdf_ff_finetuned.pth
2025-05-23 07:41:42,574 - INFO - Starte Training auf Gerät: cuda
2025-05-23 07:41:42,580 - INFO - Train class_to_idx: {'0_real': 0, '1_fake': 1}
2025-05-23 07:41:42,580 - INFO - Val class_to_idx: {'0_real': 0, '1_fake': 1}
2025-05-23 07:42:09,074 - INFO - Epoche 1/3 - Loss: 37.4058, Train Acc: 55.79%, Val Acc: 64.50%, ETA: 53s
2025-05-23 07:42:35,399 - INFO - Epoche 2/3 - Loss: 31.6598, Train Acc: 72.42%, Val Acc: 69.19%, ETA: 26s
2025-05-23 07:43:01,967 - INFO - Epoche 3/3 - Loss: 24.9172, Train Acc: 79.24%, Val Acc: 69.43%, ETA: 0s
2025-05-23 07:43:01,987 - INFO - Modell gespeichert unter: checkpoints\mobilenet_v2_celebdf_ff_finetuned.pth
2025-05-23 07:43:01,989 - INFO - Starte Training auf Gerät: cuda
2025-05-23 07:43:01,996 - INFO - Train class_to_idx: {'0_real': 0, '1_fake': 1}
2025-05-23 07:43:01,996 - INFO - Val class_to_idx: {'0_real': 0, '1_fake': 1}
2025-05-23 07:43:30,585 - INFO - Epoche 1/3 - Loss: 74.6085, Train Acc: 54.07%, Val Acc: 61.38%, ETA: 57s
2025-05-23 07:43:58,664 - INFO - Epoche 2/3 - Loss: 68.0859, Train Acc: 67.49%, Val Acc: 64.26%, ETA: 28s
2025-05-23 07:44:26,873 - INFO - Epoche 3/3 - Loss: 59.0485, Train Acc: 73.74%, Val Acc: 69.19%, ETA: 0s
2025-05-23 07:44:26,892 - INFO - Modell gespeichert unter: checkpoints\mobilenet_v2_celebdf_ff_finetuned.pth
2025-05-23 07:44:26,893 - INFO - Starte Training auf Gerät: cuda
2025-05-23 07:44:26,900 - INFO - Train class_to_idx: {'0_real': 0, '1_fake': 1}
2025-05-23 07:44:26,900 - INFO - Val class_to_idx: {'0_real': 0, '1_fake': 1}
2025-05-23 07:44:53,327 - INFO - Epoche 1/3 - Loss: 38.3400, Train Acc: 53.10%, Val Acc: 57.76%, ETA: 53s
2025-05-23 07:45:20,352 - INFO - Epoche 2/3 - Loss: 34.9532, Train Acc: 67.20%, Val Acc: 62.45%, ETA: 27s
2025-05-23 07:45:47,408 - INFO - Epoche 3/3 - Loss: 31.1573, Train Acc: 72.36%, Val Acc: 65.82%, ETA: 0s
2025-05-23 07:45:47,461 - INFO - Modell gespeichert unter: checkpoints\mobilenet_v2_celebdf_ff_finetuned.pth
2025-05-23 08:13:52,303 - INFO - Starte Training auf Gerät: cuda
2025-05-23 08:13:52,310 - INFO - Train class_to_idx: {'0_real': 0, '1_fake': 1}
2025-05-23 08:13:52,310 - INFO - Val class_to_idx: {'0_real': 0, '1_fake': 1}
2025-05-23 08:14:20,560 - INFO - Epoche 1/20 - Loss: 72.4201, Train Acc: 59.40%, Val Acc: 64.26%, ETA: 536s
2025-05-23 08:14:48,440 - INFO - Epoche 2/20 - Loss: 58.7781, Train Acc: 72.59%, Val Acc: 68.86%, ETA: 505s
2025-05-23 08:15:16,347 - INFO - Epoche 3/20 - Loss: 45.4239, Train Acc: 81.19%, Val Acc: 70.50%, ETA: 476s
2025-05-23 08:15:44,259 - INFO - Epoche 4/20 - Loss: 38.5987, Train Acc: 83.94%, Val Acc: 70.67%, ETA: 448s
2025-05-23 08:16:12,294 - INFO - Epoche 5/20 - Loss: 30.2433, Train Acc: 88.13%, Val Acc: 71.24%, ETA: 420s
2025-05-23 08:16:40,338 - INFO - Epoche 6/20 - Loss: 26.9582, Train Acc: 89.79%, Val Acc: 72.56%, ETA: 392s
2025-05-23 08:17:08,214 - INFO - Epoche 7/20 - Loss: 22.6994, Train Acc: 90.94%, Val Acc: 71.41%, ETA: 364s
2025-05-23 08:17:36,094 - INFO - Epoche 8/20 - Loss: 19.2352, Train Acc: 92.72%, Val Acc: 70.75%, ETA: 336s
2025-05-23 08:18:04,092 - INFO - Epoche 9/20 - Loss: 20.5869, Train Acc: 91.40%, Val Acc: 70.99%, ETA: 308s
2025-05-23 08:18:32,143 - INFO - Epoche 10/20 - Loss: 18.4814, Train Acc: 92.78%, Val Acc: 72.56%, ETA: 280s
2025-05-23 08:18:32,144 - WARNING - Early stopping ausgelöst nach 10 Epochen.
2025-05-23 08:18:32,168 - INFO - Modell gespeichert unter: checkpoints\mobilenet_v2_celebdf_ff_finetuned.pth
