2025-05-06 18:36:37,449 - INFO - Starte Parameter-Test mit Grid Search
2025-05-06 18:36:37,449 - INFO - Test: LR=0.0001, Batch=16
2025-05-06 18:38:43,906 - INFO - Starte Parameter-Test mit Grid Search
2025-05-06 18:38:43,907 - INFO - Test: LR=0.0001, Batch=16
2025-05-06 18:39:17,868 - INFO - Starte Parameter-Test mit Grid Search
2025-05-06 18:39:17,868 - INFO - Test: LR=0.0001, Batch=16
2025-05-06 18:39:41,352 - INFO - Ergebnis: Val Acc = 80.62%
2025-05-06 18:39:41,353 - INFO - Test: LR=0.0001, Batch=32
2025-05-06 18:40:03,503 - INFO - Ergebnis: Val Acc = 77.25%
2025-05-06 18:40:03,503 - INFO - Test: LR=5e-05, Batch=16
2025-05-06 18:40:27,014 - INFO - Ergebnis: Val Acc = 77.25%
2025-05-06 18:40:27,014 - INFO - Test: LR=5e-05, Batch=32
2025-05-06 18:40:49,550 - INFO - Ergebnis: Val Acc = 73.03%
2025-05-06 18:40:49,550 - INFO - Beste Parameterkombination: LR=0.0001 | Batch=16 | Acc=80.62%
2025-05-06 18:57:55,157 - INFO - Starte Parameter-Test mit Grid Search
2025-05-06 18:57:55,157 - INFO - Test: LR=0.0001, Batch=16
2025-05-06 18:59:14,475 - INFO - Ergebnis: Val Acc = 70.99%
2025-05-06 18:59:14,475 - INFO - Test: LR=0.0001, Batch=32
2025-05-06 19:00:30,693 - INFO - Ergebnis: Val Acc = 71.08%
2025-05-06 19:00:30,693 - INFO - Test: LR=5e-05, Batch=16
2025-05-06 19:01:50,165 - INFO - Ergebnis: Val Acc = 69.56%
2025-05-06 19:01:50,166 - INFO - Test: LR=5e-05, Batch=32
2025-05-06 19:03:06,520 - INFO - Ergebnis: Val Acc = 67.50%
2025-05-06 19:03:06,521 - INFO - Beste Parameterkombination: LR=0.0001 | Batch=32 | Acc=71.08%
2025-05-06 19:45:37,680 - INFO - Starte Parameter-Test mit Grid Search
2025-05-06 19:45:37,680 - INFO - Test: LR=0.0001, Batch=16
2025-05-06 19:47:10,265 - INFO - Ergebnis: Val Acc = 65.17%
2025-05-06 19:47:10,265 - INFO - Test: LR=0.0001, Batch=32
2025-05-06 19:48:36,934 - INFO - Ergebnis: Val Acc = 67.14%
2025-05-06 19:48:36,934 - INFO - Test: LR=5e-05, Batch=16
2025-05-06 19:50:09,023 - INFO - Ergebnis: Val Acc = 62.85%
2025-05-06 19:50:09,023 - INFO - Test: LR=5e-05, Batch=32
2025-05-06 19:51:35,866 - INFO - Ergebnis: Val Acc = 62.85%
2025-05-06 19:51:35,866 - INFO - Beste Parameterkombination: LR=0.0001 | Batch=32 | Acc=67.14%
