2025-04-17 13:14:27,472 - INFO - Starte Parameter-Test mit Grid Search
2025-04-17 13:14:27,472 - INFO - Test: LR=0.0001, Batch=16
2025-04-17 13:15:09,295 - INFO - Ergebnis: Val Acc = 83.00%
2025-04-17 13:15:09,296 - INFO - Test: LR=0.0001, Batch=32
2025-04-17 13:15:49,548 - INFO - Ergebnis: Val Acc = 81.00%
2025-04-17 13:15:49,548 - INFO - Test: LR=5e-05, Batch=16
2025-04-17 13:16:30,098 - INFO - Ergebnis: Val Acc = 84.00%
2025-04-17 13:16:30,099 - INFO - Test: LR=5e-05, Batch=32
2025-04-17 13:17:09,337 - INFO - Ergebnis: Val Acc = 81.50%
2025-04-17 13:17:09,337 - INFO - Beste Parameterkombination: LR=5e-05 | Batch=16 | Acc=84.00%
2025-04-18 11:00:30,667 - INFO - Starte Parameter-Test mit Grid Search
2025-04-18 11:00:30,667 - INFO - Test: LR=0.0001, Batch=16
2025-04-18 11:01:24,060 - INFO - Ergebnis: Val Acc = 73.33%
2025-04-18 11:01:24,060 - INFO - Test: LR=0.0001, Batch=32
2025-04-18 11:02:14,843 - INFO - Ergebnis: Val Acc = 72.00%
2025-04-18 11:02:14,843 - INFO - Test: LR=5e-05, Batch=16
2025-04-18 11:03:07,878 - INFO - Ergebnis: Val Acc = 70.22%
2025-04-18 11:03:07,878 - INFO - Test: LR=5e-05, Batch=32
2025-04-18 11:03:58,518 - INFO - Ergebnis: Val Acc = 68.67%
2025-04-18 11:03:58,518 - INFO - Beste Parameterkombination: LR=0.0001 | Batch=16 | Acc=73.33%
