2025-05-04 15:39:43,440 - INFO - Starte Evaluation für Modell: mobilenet_v2
2025-05-04 15:39:43,440 - INFO - Gerät: cuda
2025-05-04 15:39:43,445 - INFO - Testbilder: 1875 Bilder aus data/combined_test
2025-05-04 15:39:43,512 - INFO - Modellgröße: 8.73 MB
2025-05-04 15:39:43,512 - INFO - Anzahl der Parameter: 2226434
2025-05-04 15:40:02,151 - INFO - GPU Speicher belegt: 36.00 MB, reserviert: 1940.00 MB
2025-05-04 15:40:02,156 - INFO - Accuracy:  0.6331
2025-05-04 15:40:02,156 - INFO - Precision: 0.5911
2025-05-04 15:40:02,156 - INFO - Recall:    0.8947
2025-05-04 15:40:02,156 - INFO - F1-Score:  0.7119
2025-05-04 15:40:02,157 - INFO - Confusion Matrix: TN=337, FP=588, FN=100, TP=850
2025-05-04 15:40:02,157 - INFO - Durchschnittliche Vorhersagezeit pro Bild: 0.0001 Sekunden
2025-05-04 15:40:02,157 - INFO - Target-Layer für Grad-CAM: Conv2dNormActivation(
  (0): Conv2d(320, 1280, kernel_size=(1, 1), stride=(1, 1), bias=False)
  (1): BatchNorm2d(1280, eps=1e-05, momentum=0.1, affine=True, track_running_stats=True)
  (2): ReLU6(inplace=True)
)
2025-05-04 15:40:02,194 - INFO - Grad-CAM gespeichert: gradcam\mobilenet_v2\standard\TN_fake_1.jpg
2025-05-04 15:40:02,208 - INFO - Grad-CAM gespeichert: gradcam\mobilenet_v2\standard\TN_fake_2.jpg
2025-05-04 15:40:02,224 - INFO - Grad-CAM gespeichert: gradcam\mobilenet_v2\standard\FN_real_1.jpg
2025-05-04 15:40:02,242 - INFO - Grad-CAM gespeichert: gradcam\mobilenet_v2\standard\FN_real_2.jpg
2025-05-04 15:40:02,257 - INFO - Grad-CAM gespeichert: gradcam\mobilenet_v2\standard\TP_real_1.jpg
2025-05-04 15:40:02,271 - INFO - Grad-CAM gespeichert: gradcam\mobilenet_v2\standard\TP_real_2.jpg
2025-05-04 15:40:02,285 - INFO - Grad-CAM gespeichert: gradcam\mobilenet_v2\standard\FP_fake_1.jpg
2025-05-04 15:40:02,303 - INFO - Grad-CAM gespeichert: gradcam\mobilenet_v2\standard\FP_fake_2.jpg
2025-05-04 15:40:02,303 - INFO - Grad-CAM: 8 Visualisierungen gespeichert.
2025-05-04 15:40:02,304 - INFO - Starte Evaluation für Modell: mobilenet_v2
2025-05-04 15:40:02,304 - INFO - Gerät: cuda
2025-05-04 15:40:02,309 - INFO - Testbilder: 1875 Bilder aus data/combined_test_jpeg
2025-05-04 15:40:19,471 - INFO - GPU Speicher belegt: 36.00 MB, reserviert: 1940.00 MB
2025-05-04 15:40:19,477 - INFO - Accuracy:  0.6160
2025-05-04 15:40:19,477 - INFO - Precision: 0.5751
2025-05-04 15:40:19,477 - INFO - Recall:    0.9274
2025-05-04 15:40:19,477 - INFO - F1-Score:  0.7099
2025-05-04 15:40:19,477 - INFO - Confusion Matrix: TN=274, FP=651, FN=69, TP=881
2025-05-04 15:40:19,477 - INFO - Durchschnittliche Vorhersagezeit pro Bild: 0.0001 Sekunden
2025-05-04 15:40:19,477 - INFO - Target-Layer für Grad-CAM: Conv2dNormActivation(
  (0): Conv2d(320, 1280, kernel_size=(1, 1), stride=(1, 1), bias=False)
  (1): BatchNorm2d(1280, eps=1e-05, momentum=0.1, affine=True, track_running_stats=True)
  (2): ReLU6(inplace=True)
)
2025-05-04 15:40:19,493 - INFO - Grad-CAM gespeichert: gradcam\mobilenet_v2\jpeg\TN_fake_1.jpg
2025-05-04 15:40:19,511 - INFO - Grad-CAM gespeichert: gradcam\mobilenet_v2\jpeg\TN_fake_2.jpg
2025-05-04 15:40:19,529 - INFO - Grad-CAM gespeichert: gradcam\mobilenet_v2\jpeg\FN_real_1.jpg
2025-05-04 15:40:19,546 - INFO - Grad-CAM gespeichert: gradcam\mobilenet_v2\jpeg\FN_real_2.jpg
2025-05-04 15:40:19,564 - INFO - Grad-CAM gespeichert: gradcam\mobilenet_v2\jpeg\TP_real_1.jpg
2025-05-04 15:40:19,579 - INFO - Grad-CAM gespeichert: gradcam\mobilenet_v2\jpeg\TP_real_2.jpg
2025-05-04 15:40:19,596 - INFO - Grad-CAM gespeichert: gradcam\mobilenet_v2\jpeg\FP_fake_1.jpg
2025-05-04 15:40:19,616 - INFO - Grad-CAM gespeichert: gradcam\mobilenet_v2\jpeg\FP_fake_2.jpg
2025-05-04 15:40:19,616 - INFO - Grad-CAM: 8 Visualisierungen gespeichert.
2025-05-04 15:40:19,617 - INFO - Starte Evaluation für Modell: mobilenet_v2
2025-05-04 15:40:19,617 - INFO - Gerät: cuda
2025-05-04 15:40:19,622 - INFO - Testbilder: 1875 Bilder aus data/combined_test_noisy
2025-05-04 15:40:40,026 - INFO - GPU Speicher belegt: 36.00 MB, reserviert: 1940.00 MB
2025-05-04 15:40:40,032 - INFO - Accuracy:  0.5093
2025-05-04 15:40:40,032 - INFO - Precision: 0.5085
2025-05-04 15:40:40,032 - INFO - Recall:    0.9484
2025-05-04 15:40:40,032 - INFO - F1-Score:  0.6620
2025-05-04 15:40:40,032 - INFO - Confusion Matrix: TN=54, FP=871, FN=49, TP=901
2025-05-04 15:40:40,032 - INFO - Durchschnittliche Vorhersagezeit pro Bild: 0.0001 Sekunden
2025-05-04 15:40:40,033 - INFO - Target-Layer für Grad-CAM: Conv2dNormActivation(
  (0): Conv2d(320, 1280, kernel_size=(1, 1), stride=(1, 1), bias=False)
  (1): BatchNorm2d(1280, eps=1e-05, momentum=0.1, affine=True, track_running_stats=True)
  (2): ReLU6(inplace=True)
)
2025-05-04 15:40:40,051 - INFO - Grad-CAM gespeichert: gradcam\mobilenet_v2\noisy\FN_real_1.jpg
2025-05-04 15:40:40,069 - INFO - Grad-CAM gespeichert: gradcam\mobilenet_v2\noisy\FN_real_2.jpg
2025-05-04 15:40:40,084 - INFO - Grad-CAM gespeichert: gradcam\mobilenet_v2\noisy\TN_fake_1.jpg
2025-05-04 15:40:40,102 - INFO - Grad-CAM gespeichert: gradcam\mobilenet_v2\noisy\TN_fake_2.jpg
2025-05-04 15:40:40,121 - INFO - Grad-CAM gespeichert: gradcam\mobilenet_v2\noisy\TP_real_1.jpg
2025-05-04 15:40:40,139 - INFO - Grad-CAM gespeichert: gradcam\mobilenet_v2\noisy\FP_fake_1.jpg
2025-05-04 15:40:40,154 - INFO - Grad-CAM gespeichert: gradcam\mobilenet_v2\noisy\TP_real_2.jpg
2025-05-04 15:40:40,167 - INFO - Grad-CAM gespeichert: gradcam\mobilenet_v2\noisy\FP_fake_2.jpg
2025-05-04 15:40:40,167 - INFO - Grad-CAM: 8 Visualisierungen gespeichert.
2025-05-04 15:40:40,169 - INFO - Starte Evaluation für Modell: mobilenet_v2
2025-05-04 15:40:40,169 - INFO - Gerät: cuda
2025-05-04 15:40:40,173 - INFO - Testbilder: 1875 Bilder aus data/combined_test_scaled
2025-05-04 15:40:57,388 - INFO - GPU Speicher belegt: 36.00 MB, reserviert: 1940.00 MB
2025-05-04 15:40:57,394 - INFO - Accuracy:  0.6240
2025-05-04 15:40:57,394 - INFO - Precision: 0.5827
2025-05-04 15:40:57,394 - INFO - Recall:    0.9084
2025-05-04 15:40:57,394 - INFO - F1-Score:  0.7100
2025-05-04 15:40:57,394 - INFO - Confusion Matrix: TN=307, FP=618, FN=87, TP=863
2025-05-04 15:40:57,394 - INFO - Durchschnittliche Vorhersagezeit pro Bild: 0.0001 Sekunden
2025-05-04 15:40:57,395 - INFO - Target-Layer für Grad-CAM: Conv2dNormActivation(
  (0): Conv2d(320, 1280, kernel_size=(1, 1), stride=(1, 1), bias=False)
  (1): BatchNorm2d(1280, eps=1e-05, momentum=0.1, affine=True, track_running_stats=True)
  (2): ReLU6(inplace=True)
)
2025-05-04 15:40:57,410 - INFO - Grad-CAM gespeichert: gradcam\mobilenet_v2\scaled\TN_fake_1.jpg
2025-05-04 15:40:57,428 - INFO - Grad-CAM gespeichert: gradcam\mobilenet_v2\scaled\TN_fake_2.jpg
2025-05-04 15:40:57,445 - INFO - Grad-CAM gespeichert: gradcam\mobilenet_v2\scaled\FN_real_1.jpg
2025-05-04 15:40:57,461 - INFO - Grad-CAM gespeichert: gradcam\mobilenet_v2\scaled\FN_real_2.jpg
2025-05-04 15:40:57,475 - INFO - Grad-CAM gespeichert: gradcam\mobilenet_v2\scaled\TP_real_1.jpg
2025-05-04 15:40:57,492 - INFO - Grad-CAM gespeichert: gradcam\mobilenet_v2\scaled\TP_real_2.jpg
2025-05-04 15:40:57,507 - INFO - Grad-CAM gespeichert: gradcam\mobilenet_v2\scaled\FP_fake_1.jpg
2025-05-04 15:40:57,523 - INFO - Grad-CAM gespeichert: gradcam\mobilenet_v2\scaled\FP_fake_2.jpg
2025-05-04 15:40:57,523 - INFO - Grad-CAM: 8 Visualisierungen gespeichert.
