2025-05-06 18:43:11,725 - INFO - Starte Training auf Gerät: cuda
2025-05-06 18:43:31,864 - INFO - Epoche 1/20 - Loss: 71.1688, Train Acc: 52.04%, Val Acc: 51.69%, ETA: 369s
2025-05-06 18:43:51,222 - INFO - Epoche 2/20 - Loss: 61.8328, Train Acc: 54.14%, Val Acc: 54.78%, ETA: 349s
2025-05-06 18:44:10,594 - INFO - Epoche 3/20 - Loss: 61.8906, Train Acc: 56.81%, Val Acc: 50.00%, ETA: 330s
2025-05-06 18:44:29,970 - INFO - Epoche 4/20 - Loss: 58.4234, Train Acc: 59.76%, Val Acc: 62.92%, ETA: 310s
2025-05-06 18:44:49,321 - INFO - Epoche 5/20 - Loss: 58.9192, Train Acc: 60.53%, Val Acc: 62.92%, ETA: 291s
2025-05-06 18:45:08,683 - INFO - Epoche 6/20 - Loss: 53.2017, Train Acc: 66.64%, Val Acc: 59.27%, ETA: 271s
2025-05-06 18:45:28,001 - INFO - Epoche 7/20 - Loss: 52.7316, Train Acc: 66.50%, Val Acc: 63.76%, ETA: 252s
2025-05-06 18:45:47,322 - INFO - Epoche 8/20 - Loss: 48.2414, Train Acc: 71.42%, Val Acc: 69.94%, ETA: 232s
2025-05-06 18:46:06,611 - INFO - Epoche 9/20 - Loss: 47.6853, Train Acc: 71.14%, Val Acc: 68.26%, ETA: 213s
2025-05-06 18:46:25,957 - INFO - Epoche 10/20 - Loss: 45.4674, Train Acc: 74.16%, Val Acc: 57.87%, ETA: 194s
2025-05-06 18:46:45,315 - INFO - Epoche 11/20 - Loss: 42.2533, Train Acc: 74.72%, Val Acc: 70.79%, ETA: 174s
2025-05-06 18:47:04,638 - INFO - Epoche 12/20 - Loss: 40.4646, Train Acc: 76.76%, Val Acc: 68.26%, ETA: 155s
2025-05-06 18:47:23,974 - INFO - Epoche 13/20 - Loss: 36.9386, Train Acc: 80.83%, Val Acc: 71.07%, ETA: 135s
2025-05-06 18:47:43,296 - INFO - Epoche 14/20 - Loss: 34.9798, Train Acc: 81.74%, Val Acc: 69.38%, ETA: 116s
2025-05-06 18:48:02,611 - INFO - Epoche 15/20 - Loss: 32.7050, Train Acc: 83.08%, Val Acc: 67.70%, ETA: 97s
2025-05-06 18:48:22,036 - INFO - Epoche 16/20 - Loss: 30.0869, Train Acc: 84.41%, Val Acc: 65.73%, ETA: 77s
2025-05-06 18:48:41,451 - INFO - Epoche 17/20 - Loss: 25.7172, Train Acc: 86.59%, Val Acc: 70.22%, ETA: 58s
2025-05-06 18:48:41,451 - WARNING - Early stopping ausgelöst nach 17 Epochen.
2025-05-06 18:48:41,662 - INFO - Modell gespeichert unter: checkpoints\vit_base_patch16_224_celebdf_only_finetuned.pth
2025-05-06 19:10:47,158 - INFO - Starte Training auf Gerät: cuda
2025-05-06 19:11:24,715 - INFO - Epoche 1/20 - Loss: 42.0555, Train Acc: 51.83%, Val Acc: 48.43%, ETA: 700s
2025-05-06 19:12:01,432 - INFO - Epoche 2/20 - Loss: 37.3319, Train Acc: 55.62%, Val Acc: 48.43%, ETA: 662s
2025-05-06 19:12:38,272 - INFO - Epoche 3/20 - Loss: 37.9034, Train Acc: 56.25%, Val Acc: 48.52%, ETA: 626s
2025-05-06 19:13:15,229 - INFO - Epoche 4/20 - Loss: 38.1072, Train Acc: 52.92%, Val Acc: 51.21%, ETA: 589s
2025-05-06 19:13:52,138 - INFO - Epoche 5/20 - Loss: 35.9455, Train Acc: 58.83%, Val Acc: 48.70%, ETA: 553s
2025-05-06 19:14:28,961 - INFO - Epoche 6/20 - Loss: 35.8681, Train Acc: 58.14%, Val Acc: 55.15%, ETA: 516s
2025-05-06 19:15:05,796 - INFO - Epoche 7/20 - Loss: 34.4073, Train Acc: 60.26%, Val Acc: 55.51%, ETA: 479s
2025-05-06 19:15:42,541 - INFO - Epoche 8/20 - Loss: 33.2154, Train Acc: 66.06%, Val Acc: 61.77%, ETA: 442s
2025-05-06 19:16:19,311 - INFO - Epoche 9/20 - Loss: 31.6037, Train Acc: 68.46%, Val Acc: 58.37%, ETA: 405s
2025-05-06 19:16:56,135 - INFO - Epoche 10/20 - Loss: 29.7192, Train Acc: 70.87%, Val Acc: 64.10%, ETA: 368s
2025-05-06 19:17:32,868 - INFO - Epoche 11/20 - Loss: 27.7997, Train Acc: 74.08%, Val Acc: 63.74%, ETA: 331s
2025-05-06 19:18:09,669 - INFO - Epoche 12/20 - Loss: 25.6942, Train Acc: 76.49%, Val Acc: 61.59%, ETA: 295s
2025-05-06 19:18:46,514 - INFO - Epoche 13/20 - Loss: 25.2076, Train Acc: 78.56%, Val Acc: 65.62%, ETA: 258s
2025-05-06 19:19:23,314 - INFO - Epoche 14/20 - Loss: 22.0211, Train Acc: 82.28%, Val Acc: 62.85%, ETA: 221s
2025-05-06 19:20:00,084 - INFO - Epoche 15/20 - Loss: 20.7690, Train Acc: 82.68%, Val Acc: 64.46%, ETA: 184s
2025-05-06 19:20:36,908 - INFO - Epoche 16/20 - Loss: 19.7679, Train Acc: 82.80%, Val Acc: 61.32%, ETA: 147s
2025-05-06 19:21:13,873 - INFO - Epoche 17/20 - Loss: 18.5360, Train Acc: 85.15%, Val Acc: 65.44%, ETA: 110s
2025-05-06 19:21:13,873 - WARNING - Early stopping ausgelöst nach 17 Epochen.
2025-05-06 19:21:14,162 - INFO - Modell gespeichert unter: checkpoints\vit_base_patch16_224_celebdf_ff_finetuned.pth
2025-05-06 19:56:57,245 - INFO - Starte Training auf Gerät: cuda
2025-05-06 19:57:37,946 - INFO - Epoche 1/20 - Loss: 42.5610, Train Acc: 51.38%, Val Acc: 51.57%, ETA: 760s
2025-05-06 19:58:17,931 - INFO - Epoche 2/20 - Loss: 39.7590, Train Acc: 52.06%, Val Acc: 53.27%, ETA: 720s
2025-05-06 19:58:57,916 - INFO - Epoche 3/20 - Loss: 38.9175, Train Acc: 51.66%, Val Acc: 51.84%, ETA: 680s
2025-05-06 19:59:37,961 - INFO - Epoche 4/20 - Loss: 38.5870, Train Acc: 52.12%, Val Acc: 50.67%, ETA: 640s
2025-05-06 20:00:17,981 - INFO - Epoche 5/20 - Loss: 38.0211, Train Acc: 53.21%, Val Acc: 50.85%, ETA: 600s
2025-05-06 20:00:58,094 - INFO - Epoche 6/20 - Loss: 37.5433, Train Acc: 56.08%, Val Acc: 52.19%, ETA: 560s
2025-05-06 20:00:58,095 - WARNING - Early stopping ausgelöst nach 6 Epochen.
2025-05-06 20:00:58,305 - INFO - Modell gespeichert unter: checkpoints\vit_base_patch16_224_augmented_finetuned.pth
