2025-05-04 15:34:28,156 - INFO - Starte Evaluation für Modell: vit_base_patch16_224
2025-05-04 15:34:28,157 - INFO - Gerät: cuda
2025-05-04 15:34:28,161 - INFO - Testbilder: 1875 Bilder aus data/combined_test
2025-05-04 15:34:28,776 - INFO - Modellgröße: 327.36 MB
2025-05-04 15:34:28,777 - INFO - Anzahl der Parameter: 85800194
2025-05-04 15:34:49,626 - INFO - GPU Speicher belegt: 355.71 MB, reserviert: 1026.00 MB
2025-05-04 15:34:49,632 - INFO - Accuracy:  0.5504
2025-05-04 15:34:49,632 - INFO - Precision: 0.5365
2025-05-04 15:34:49,632 - INFO - Recall:    0.8274
2025-05-04 15:34:49,641 - INFO - F1-Score:  0.6509
2025-05-04 15:34:49,641 - INFO - Confusion Matrix: TN=246, FP=679, FN=164, TP=786
2025-05-04 15:34:49,641 - INFO - Durchschnittliche Vorhersagezeit pro Bild: 0.0001 Sekunden
2025-05-04 15:34:49,641 - INFO - Target-Layer für Grad-CAM: Conv2d(3, 768, kernel_size=(16, 16), stride=(16, 16))
2025-05-04 15:34:49,642 - INFO - ScoreCAM wird für ViT verwendet.
2025-05-04 15:34:51,839 - INFO - Grad-CAM gespeichert: gradcam\vit_base_patch16_224\standard\TN_fake_1.jpg
2025-05-04 15:34:53,992 - INFO - Grad-CAM gespeichert: gradcam\vit_base_patch16_224\standard\TN_fake_2.jpg
2025-05-04 15:34:56,148 - INFO - Grad-CAM gespeichert: gradcam\vit_base_patch16_224\standard\FN_real_1.jpg
2025-05-04 15:34:58,306 - INFO - Grad-CAM gespeichert: gradcam\vit_base_patch16_224\standard\FN_real_2.jpg
2025-05-04 15:35:00,469 - INFO - Grad-CAM gespeichert: gradcam\vit_base_patch16_224\standard\TP_real_1.jpg
2025-05-04 15:35:02,634 - INFO - Grad-CAM gespeichert: gradcam\vit_base_patch16_224\standard\TP_real_2.jpg
2025-05-04 15:35:04,796 - INFO - Grad-CAM gespeichert: gradcam\vit_base_patch16_224\standard\FP_fake_1.jpg
2025-05-04 15:35:06,955 - INFO - Grad-CAM gespeichert: gradcam\vit_base_patch16_224\standard\FP_fake_2.jpg
2025-05-04 15:35:06,955 - INFO - Grad-CAM: 8 Visualisierungen gespeichert.
2025-05-04 15:35:06,956 - INFO - Starte Evaluation für Modell: vit_base_patch16_224
2025-05-04 15:35:06,957 - INFO - Gerät: cuda
2025-05-04 15:35:06,962 - INFO - Testbilder: 1875 Bilder aus data/combined_test_jpeg
2025-05-04 15:35:26,670 - INFO - GPU Speicher belegt: 355.71 MB, reserviert: 1616.00 MB
2025-05-04 15:35:26,675 - INFO - Accuracy:  0.5499
2025-05-04 15:35:26,675 - INFO - Precision: 0.5361
2025-05-04 15:35:26,675 - INFO - Recall:    0.8295
2025-05-04 15:35:26,675 - INFO - F1-Score:  0.6512
2025-05-04 15:35:26,675 - INFO - Confusion Matrix: TN=243, FP=682, FN=162, TP=788
2025-05-04 15:35:26,676 - INFO - Durchschnittliche Vorhersagezeit pro Bild: 0.0001 Sekunden
2025-05-04 15:35:26,676 - INFO - Target-Layer für Grad-CAM: Conv2d(3, 768, kernel_size=(16, 16), stride=(16, 16))
2025-05-04 15:35:26,677 - INFO - ScoreCAM wird für ViT verwendet.
2025-05-04 15:35:28,856 - INFO - Grad-CAM gespeichert: gradcam\vit_base_patch16_224\jpeg\TN_fake_1.jpg
2025-05-04 15:35:31,003 - INFO - Grad-CAM gespeichert: gradcam\vit_base_patch16_224\jpeg\TN_fake_2.jpg
2025-05-04 15:35:33,158 - INFO - Grad-CAM gespeichert: gradcam\vit_base_patch16_224\jpeg\FN_real_1.jpg
2025-05-04 15:35:35,308 - INFO - Grad-CAM gespeichert: gradcam\vit_base_patch16_224\jpeg\FN_real_2.jpg
2025-05-04 15:35:37,465 - INFO - Grad-CAM gespeichert: gradcam\vit_base_patch16_224\jpeg\TP_real_1.jpg
2025-05-04 15:35:39,622 - INFO - Grad-CAM gespeichert: gradcam\vit_base_patch16_224\jpeg\TP_real_2.jpg
2025-05-04 15:35:41,784 - INFO - Grad-CAM gespeichert: gradcam\vit_base_patch16_224\jpeg\FP_fake_1.jpg
2025-05-04 15:35:43,940 - INFO - Grad-CAM gespeichert: gradcam\vit_base_patch16_224\jpeg\FP_fake_2.jpg
2025-05-04 15:35:43,940 - INFO - Grad-CAM: 8 Visualisierungen gespeichert.
2025-05-04 15:35:43,942 - INFO - Starte Evaluation für Modell: vit_base_patch16_224
2025-05-04 15:35:43,942 - INFO - Gerät: cuda
2025-05-04 15:35:43,946 - INFO - Testbilder: 1875 Bilder aus data/combined_test_noisy
2025-05-04 15:36:07,507 - INFO - GPU Speicher belegt: 355.71 MB, reserviert: 1616.00 MB
2025-05-04 15:36:07,513 - INFO - Accuracy:  0.5483
2025-05-04 15:36:07,513 - INFO - Precision: 0.5350
2025-05-04 15:36:07,513 - INFO - Recall:    0.8295
2025-05-04 15:36:07,513 - INFO - F1-Score:  0.6504
2025-05-04 15:36:07,513 - INFO - Confusion Matrix: TN=240, FP=685, FN=162, TP=788
2025-05-04 15:36:07,513 - INFO - Durchschnittliche Vorhersagezeit pro Bild: 0.0001 Sekunden
2025-05-04 15:36:07,513 - INFO - Target-Layer für Grad-CAM: Conv2d(3, 768, kernel_size=(16, 16), stride=(16, 16))
2025-05-04 15:36:07,514 - INFO - ScoreCAM wird für ViT verwendet.
2025-05-04 15:36:09,704 - INFO - Grad-CAM gespeichert: gradcam\vit_base_patch16_224\noisy\TN_fake_1.jpg
2025-05-04 15:36:11,862 - INFO - Grad-CAM gespeichert: gradcam\vit_base_patch16_224\noisy\TN_fake_2.jpg
2025-05-04 15:36:14,027 - INFO - Grad-CAM gespeichert: gradcam\vit_base_patch16_224\noisy\FN_real_1.jpg
2025-05-04 15:36:16,193 - INFO - Grad-CAM gespeichert: gradcam\vit_base_patch16_224\noisy\FN_real_2.jpg
2025-05-04 15:36:18,355 - INFO - Grad-CAM gespeichert: gradcam\vit_base_patch16_224\noisy\TP_real_1.jpg
2025-05-04 15:36:20,523 - INFO - Grad-CAM gespeichert: gradcam\vit_base_patch16_224\noisy\TP_real_2.jpg
2025-05-04 15:36:22,688 - INFO - Grad-CAM gespeichert: gradcam\vit_base_patch16_224\noisy\FP_fake_1.jpg
2025-05-04 15:36:24,852 - INFO - Grad-CAM gespeichert: gradcam\vit_base_patch16_224\noisy\FP_fake_2.jpg
2025-05-04 15:36:24,852 - INFO - Grad-CAM: 8 Visualisierungen gespeichert.
2025-05-04 15:36:24,853 - INFO - Starte Evaluation für Modell: vit_base_patch16_224
2025-05-04 15:36:24,854 - INFO - Gerät: cuda
2025-05-04 15:36:24,858 - INFO - Testbilder: 1875 Bilder aus data/combined_test_scaled
2025-05-04 15:36:44,702 - INFO - GPU Speicher belegt: 355.71 MB, reserviert: 1616.00 MB
2025-05-04 15:36:44,707 - INFO - Accuracy:  0.5472
2025-05-04 15:36:44,708 - INFO - Precision: 0.5346
2025-05-04 15:36:44,708 - INFO - Recall:    0.8211
2025-05-04 15:36:44,708 - INFO - F1-Score:  0.6476
2025-05-04 15:36:44,708 - INFO - Confusion Matrix: TN=246, FP=679, FN=170, TP=780
2025-05-04 15:36:44,708 - INFO - Durchschnittliche Vorhersagezeit pro Bild: 0.0001 Sekunden
2025-05-04 15:36:44,708 - INFO - Target-Layer für Grad-CAM: Conv2d(3, 768, kernel_size=(16, 16), stride=(16, 16))
2025-05-04 15:36:44,709 - INFO - ScoreCAM wird für ViT verwendet.
2025-05-04 15:36:46,891 - INFO - Grad-CAM gespeichert: gradcam\vit_base_patch16_224\scaled\TN_fake_1.jpg
2025-05-04 15:36:49,047 - INFO - Grad-CAM gespeichert: gradcam\vit_base_patch16_224\scaled\TN_fake_2.jpg
2025-05-04 15:36:51,209 - INFO - Grad-CAM gespeichert: gradcam\vit_base_patch16_224\scaled\FN_real_1.jpg
2025-05-04 15:36:53,369 - INFO - Grad-CAM gespeichert: gradcam\vit_base_patch16_224\scaled\FN_real_2.jpg
2025-05-04 15:36:55,530 - INFO - Grad-CAM gespeichert: gradcam\vit_base_patch16_224\scaled\TP_real_1.jpg
2025-05-04 15:36:57,693 - INFO - Grad-CAM gespeichert: gradcam\vit_base_patch16_224\scaled\TP_real_2.jpg
2025-05-04 15:36:59,856 - INFO - Grad-CAM gespeichert: gradcam\vit_base_patch16_224\scaled\FP_fake_1.jpg
2025-05-04 15:37:02,018 - INFO - Grad-CAM gespeichert: gradcam\vit_base_patch16_224\scaled\FP_fake_2.jpg
2025-05-04 15:37:02,018 - INFO - Grad-CAM: 8 Visualisierungen gespeichert.
