2025-05-06 18:52:48,776 - INFO - Starte Training auf Gerät: cuda
2025-05-06 18:53:01,866 - INFO - Epoche 1/20 - Loss: 60.6769, Train Acc: 60.39%, Val Acc: 64.04%, ETA: 243s
2025-05-06 18:53:14,514 - INFO - Epoche 2/20 - Loss: 46.1269, Train Acc: 75.63%, Val Acc: 69.66%, ETA: 229s
2025-05-06 18:53:27,121 - INFO - Epoche 3/20 - Loss: 38.8771, Train Acc: 79.28%, Val Acc: 76.12%, ETA: 216s
2025-05-06 18:53:39,727 - INFO - Epoche 4/20 - Loss: 29.8174, Train Acc: 85.53%, Val Acc: 80.06%, ETA: 203s
2025-05-06 18:53:52,351 - INFO - Epoche 5/20 - Loss: 24.8620, Train Acc: 88.90%, Val Acc: 82.30%, ETA: 190s
2025-05-06 18:54:04,971 - INFO - Epoche 6/20 - Loss: 20.0619, Train Acc: 90.10%, Val Acc: 83.99%, ETA: 177s
2025-05-06 18:54:17,623 - INFO - Epoche 7/20 - Loss: 16.9348, Train Acc: 92.21%, Val Acc: 79.49%, ETA: 164s
2025-05-06 18:54:30,248 - INFO - Epoche 8/20 - Loss: 13.4911, Train Acc: 93.89%, Val Acc: 83.15%, ETA: 152s
2025-05-06 18:54:42,866 - INFO - Epoche 9/20 - Loss: 14.0142, Train Acc: 93.82%, Val Acc: 78.93%, ETA: 139s
2025-05-06 18:54:55,478 - INFO - Epoche 10/20 - Loss: 11.3146, Train Acc: 94.31%, Val Acc: 84.55%, ETA: 126s
2025-05-06 18:55:08,120 - INFO - Epoche 11/20 - Loss: 10.4223, Train Acc: 95.65%, Val Acc: 87.92%, ETA: 114s
2025-05-06 18:55:20,730 - INFO - Epoche 12/20 - Loss: 11.2925, Train Acc: 94.59%, Val Acc: 86.80%, ETA: 101s
2025-05-06 18:55:33,325 - INFO - Epoche 13/20 - Loss: 8.4454, Train Acc: 96.49%, Val Acc: 80.06%, ETA: 88s
2025-05-06 18:55:45,981 - INFO - Epoche 14/20 - Loss: 6.3193, Train Acc: 96.56%, Val Acc: 83.99%, ETA: 76s
2025-05-06 18:55:58,647 - INFO - Epoche 15/20 - Loss: 8.3433, Train Acc: 96.28%, Val Acc: 73.03%, ETA: 63s
2025-05-06 18:55:58,647 - WARNING - Early stopping ausgelöst nach 15 Epochen.
2025-05-06 18:55:58,732 - INFO - Modell gespeichert unter: checkpoints\xception41_celebdf_only_finetuned.pth
2025-05-06 19:31:09,532 - INFO - Starte Training auf Gerät: cuda
2025-05-06 19:31:39,144 - INFO - Epoche 1/20 - Loss: 38.2752, Train Acc: 57.22%, Val Acc: 65.71%, ETA: 555s
2025-05-06 19:32:08,394 - INFO - Epoche 2/20 - Loss: 29.1109, Train Acc: 74.08%, Val Acc: 66.70%, ETA: 526s
2025-05-06 19:32:37,515 - INFO - Epoche 3/20 - Loss: 23.7802, Train Acc: 80.39%, Val Acc: 70.10%, ETA: 496s
2025-05-06 19:33:06,617 - INFO - Epoche 4/20 - Loss: 20.1786, Train Acc: 82.28%, Val Acc: 69.83%, ETA: 467s
2025-05-06 19:33:35,606 - INFO - Epoche 5/20 - Loss: 17.2703, Train Acc: 85.38%, Val Acc: 70.37%, ETA: 437s
2025-05-06 19:34:04,756 - INFO - Epoche 6/20 - Loss: 13.3669, Train Acc: 87.96%, Val Acc: 73.14%, ETA: 408s
2025-05-06 19:34:33,823 - INFO - Epoche 7/20 - Loss: 11.8800, Train Acc: 89.85%, Val Acc: 72.96%, ETA: 379s
2025-05-06 19:35:02,924 - INFO - Epoche 8/20 - Loss: 10.7004, Train Acc: 91.00%, Val Acc: 72.69%, ETA: 350s
2025-05-06 19:35:32,009 - INFO - Epoche 9/20 - Loss: 8.8285, Train Acc: 93.23%, Val Acc: 71.26%, ETA: 320s
2025-05-06 19:36:00,969 - INFO - Epoche 10/20 - Loss: 8.6800, Train Acc: 93.00%, Val Acc: 73.41%, ETA: 291s
2025-05-06 19:36:30,131 - INFO - Epoche 11/20 - Loss: 8.6928, Train Acc: 93.12%, Val Acc: 71.62%, ETA: 262s
2025-05-06 19:36:59,132 - INFO - Epoche 12/20 - Loss: 9.9253, Train Acc: 92.37%, Val Acc: 75.29%, ETA: 233s
2025-05-06 19:37:28,326 - INFO - Epoche 13/20 - Loss: 6.6547, Train Acc: 94.90%, Val Acc: 72.78%, ETA: 204s
2025-05-06 19:37:57,523 - INFO - Epoche 14/20 - Loss: 5.1711, Train Acc: 95.58%, Val Acc: 75.74%, ETA: 175s
2025-05-06 19:38:26,670 - INFO - Epoche 15/20 - Loss: 6.1761, Train Acc: 95.70%, Val Acc: 71.89%, ETA: 146s
2025-05-06 19:38:55,834 - INFO - Epoche 16/20 - Loss: 5.6849, Train Acc: 96.10%, Val Acc: 74.13%, ETA: 116s
2025-05-06 19:39:25,062 - INFO - Epoche 17/20 - Loss: 6.3800, Train Acc: 95.47%, Val Acc: 74.84%, ETA: 87s
2025-05-06 19:39:54,272 - INFO - Epoche 18/20 - Loss: 5.2130, Train Acc: 95.99%, Val Acc: 74.13%, ETA: 58s
2025-05-06 19:39:54,272 - WARNING - Early stopping ausgelöst nach 18 Epochen.
2025-05-06 19:39:54,357 - INFO - Modell gespeichert unter: checkpoints\xception41_celebdf_ff_finetuned.pth
2025-05-06 20:11:58,736 - INFO - Starte Training auf Gerät: cuda
2025-05-06 20:12:32,316 - INFO - Epoche 1/20 - Loss: 36.9654, Train Acc: 59.92%, Val Acc: 62.76%, ETA: 632s
2025-05-06 20:13:05,399 - INFO - Epoche 2/20 - Loss: 28.5885, Train Acc: 73.85%, Val Acc: 64.19%, ETA: 597s
2025-05-06 20:13:38,687 - INFO - Epoche 3/20 - Loss: 24.1659, Train Acc: 79.19%, Val Acc: 65.44%, ETA: 565s
2025-05-06 20:14:11,814 - INFO - Epoche 4/20 - Loss: 20.4152, Train Acc: 82.86%, Val Acc: 68.58%, ETA: 531s
2025-05-06 20:14:44,970 - INFO - Epoche 5/20 - Loss: 18.6205, Train Acc: 84.35%, Val Acc: 67.32%, ETA: 498s
2025-05-06 20:15:18,076 - INFO - Epoche 6/20 - Loss: 17.5481, Train Acc: 86.12%, Val Acc: 68.76%, ETA: 464s
2025-05-06 20:15:51,350 - INFO - Epoche 7/20 - Loss: 14.7539, Train Acc: 88.36%, Val Acc: 69.74%, ETA: 431s
2025-05-06 20:16:24,698 - INFO - Epoche 8/20 - Loss: 13.2483, Train Acc: 89.62%, Val Acc: 67.14%, ETA: 398s
2025-05-06 20:16:58,114 - INFO - Epoche 9/20 - Loss: 11.5224, Train Acc: 90.77%, Val Acc: 70.99%, ETA: 366s
2025-05-06 20:17:31,528 - INFO - Epoche 10/20 - Loss: 11.4816, Train Acc: 90.88%, Val Acc: 67.14%, ETA: 332s
2025-05-06 20:18:04,912 - INFO - Epoche 11/20 - Loss: 12.1377, Train Acc: 90.42%, Val Acc: 70.19%, ETA: 299s
2025-05-06 20:18:38,162 - INFO - Epoche 12/20 - Loss: 10.9707, Train Acc: 90.94%, Val Acc: 71.53%, ETA: 266s
2025-05-06 20:19:11,272 - INFO - Epoche 13/20 - Loss: 9.3535, Train Acc: 92.20%, Val Acc: 69.65%, ETA: 233s
2025-05-06 20:19:44,504 - INFO - Epoche 14/20 - Loss: 8.7245, Train Acc: 92.78%, Val Acc: 69.47%, ETA: 199s
2025-05-06 20:20:17,690 - INFO - Epoche 15/20 - Loss: 9.2067, Train Acc: 92.78%, Val Acc: 70.99%, ETA: 166s
2025-05-06 20:20:50,779 - INFO - Epoche 16/20 - Loss: 7.9001, Train Acc: 93.86%, Val Acc: 71.08%, ETA: 133s
2025-05-06 20:20:50,779 - WARNING - Early stopping ausgelöst nach 16 Epochen.
2025-05-06 20:20:50,873 - INFO - Modell gespeichert unter: checkpoints\xception41_augmented_finetuned.pth
