2025-05-04 15:38:23,016 - INFO - Starte Evaluation für Modell: xception41
2025-05-04 15:38:23,016 - INFO - Gerät: cuda
2025-05-04 15:38:23,021 - INFO - Testbilder: 1875 Bilder aus data/combined_test
2025-05-04 15:38:23,192 - INFO - Modellgröße: 95.69 MB
2025-05-04 15:38:23,192 - INFO - Anzahl der Parameter: 24924658
2025-05-04 15:38:43,231 - INFO - GPU Speicher belegt: 125.62 MB, reserviert: 1940.00 MB
2025-05-04 15:38:43,236 - INFO - Accuracy:  0.6309
2025-05-04 15:38:43,236 - INFO - Precision: 0.5903
2025-05-04 15:38:43,236 - INFO - Recall:    0.8874
2025-05-04 15:38:43,236 - INFO - F1-Score:  0.7090
2025-05-04 15:38:43,237 - INFO - Confusion Matrix: TN=340, FP=585, FN=107, TP=843
2025-05-04 15:38:43,237 - INFO - Durchschnittliche Vorhersagezeit pro Bild: 0.0001 Sekunden
2025-05-04 15:38:43,237 - INFO - Target-Layer für Grad-CAM: XceptionModule(
  (stack): Sequential(
    (conv1): SeparableConv2d(
      (conv_dw): Conv2d(1024, 1024, kernel_size=(3, 3), stride=(1, 1), padding=(1, 1), groups=1024, bias=False)
      (bn_dw): BatchNorm2d(1024, eps=0.001, momentum=0.1, affine=True, track_running_stats=True)
      (act_dw): ReLU(inplace=True)
      (conv_pw): Conv2d(1024, 1536, kernel_size=(1, 1), stride=(1, 1), bias=False)
      (bn_pw): BatchNorm2d(1536, eps=0.001, momentum=0.1, affine=True, track_running_stats=True)
      (act_pw): ReLU(inplace=True)
    )
    (conv2): SeparableConv2d(
      (conv_dw): Conv2d(1536, 1536, kernel_size=(3, 3), stride=(1, 1), padding=(1, 1), groups=1536, bias=False)
      (bn_dw): BatchNorm2d(1536, eps=0.001, momentum=0.1, affine=True, track_running_stats=True)
      (act_dw): ReLU(inplace=True)
      (conv_pw): Conv2d(1536, 1536, kernel_size=(1, 1), stride=(1, 1), bias=False)
      (bn_pw): BatchNorm2d(1536, eps=0.001, momentum=0.1, affine=True, track_running_stats=True)
      (act_pw): ReLU(inplace=True)
    )
    (conv3): SeparableConv2d(
      (conv_dw): Conv2d(1536, 1536, kernel_size=(3, 3), stride=(1, 1), padding=(1, 1), groups=1536, bias=False)
      (bn_dw): BatchNorm2d(1536, eps=0.001, momentum=0.1, affine=True, track_running_stats=True)
      (act_dw): ReLU(inplace=True)
      (conv_pw): Conv2d(1536, 2048, kernel_size=(1, 1), stride=(1, 1), bias=False)
      (bn_pw): BatchNorm2d(2048, eps=0.001, momentum=0.1, affine=True, track_running_stats=True)
      (act_pw): ReLU(inplace=True)
    )
  )
)
2025-05-04 15:38:43,290 - INFO - Grad-CAM gespeichert: gradcam\xception41\standard\TN_fake_1.jpg
2025-05-04 15:38:43,313 - INFO - Grad-CAM gespeichert: gradcam\xception41\standard\TN_fake_2.jpg
2025-05-04 15:38:43,334 - INFO - Grad-CAM gespeichert: gradcam\xception41\standard\FN_real_1.jpg
2025-05-04 15:38:43,356 - INFO - Grad-CAM gespeichert: gradcam\xception41\standard\FN_real_2.jpg
2025-05-04 15:38:43,379 - INFO - Grad-CAM gespeichert: gradcam\xception41\standard\TP_real_1.jpg
2025-05-04 15:38:43,397 - INFO - Grad-CAM gespeichert: gradcam\xception41\standard\TP_real_2.jpg
2025-05-04 15:38:43,421 - INFO - Grad-CAM gespeichert: gradcam\xception41\standard\FP_fake_1.jpg
2025-05-04 15:38:43,438 - INFO - Grad-CAM gespeichert: gradcam\xception41\standard\FP_fake_2.jpg
2025-05-04 15:38:43,438 - INFO - Grad-CAM: 8 Visualisierungen gespeichert.
2025-05-04 15:38:43,440 - INFO - Starte Evaluation für Modell: xception41
2025-05-04 15:38:43,440 - INFO - Gerät: cuda
2025-05-04 15:38:43,445 - INFO - Testbilder: 1875 Bilder aus data/combined_test_jpeg
2025-05-04 15:39:01,765 - INFO - GPU Speicher belegt: 125.62 MB, reserviert: 1940.00 MB
2025-05-04 15:39:01,771 - INFO - Accuracy:  0.6277
2025-05-04 15:39:01,771 - INFO - Precision: 0.5842
2025-05-04 15:39:01,771 - INFO - Recall:    0.9200
2025-05-04 15:39:01,771 - INFO - F1-Score:  0.7146
2025-05-04 15:39:01,771 - INFO - Confusion Matrix: TN=303, FP=622, FN=76, TP=874
2025-05-04 15:39:01,771 - INFO - Durchschnittliche Vorhersagezeit pro Bild: 0.0001 Sekunden
2025-05-04 15:39:01,771 - INFO - Target-Layer für Grad-CAM: XceptionModule(
  (stack): Sequential(
    (conv1): SeparableConv2d(
      (conv_dw): Conv2d(1024, 1024, kernel_size=(3, 3), stride=(1, 1), padding=(1, 1), groups=1024, bias=False)
      (bn_dw): BatchNorm2d(1024, eps=0.001, momentum=0.1, affine=True, track_running_stats=True)
      (act_dw): ReLU(inplace=True)
      (conv_pw): Conv2d(1024, 1536, kernel_size=(1, 1), stride=(1, 1), bias=False)
      (bn_pw): BatchNorm2d(1536, eps=0.001, momentum=0.1, affine=True, track_running_stats=True)
      (act_pw): ReLU(inplace=True)
    )
    (conv2): SeparableConv2d(
      (conv_dw): Conv2d(1536, 1536, kernel_size=(3, 3), stride=(1, 1), padding=(1, 1), groups=1536, bias=False)
      (bn_dw): BatchNorm2d(1536, eps=0.001, momentum=0.1, affine=True, track_running_stats=True)
      (act_dw): ReLU(inplace=True)
      (conv_pw): Conv2d(1536, 1536, kernel_size=(1, 1), stride=(1, 1), bias=False)
      (bn_pw): BatchNorm2d(1536, eps=0.001, momentum=0.1, affine=True, track_running_stats=True)
      (act_pw): ReLU(inplace=True)
    )
    (conv3): SeparableConv2d(
      (conv_dw): Conv2d(1536, 1536, kernel_size=(3, 3), stride=(1, 1), padding=(1, 1), groups=1536, bias=False)
      (bn_dw): BatchNorm2d(1536, eps=0.001, momentum=0.1, affine=True, track_running_stats=True)
      (act_dw): ReLU(inplace=True)
      (conv_pw): Conv2d(1536, 2048, kernel_size=(1, 1), stride=(1, 1), bias=False)
      (bn_pw): BatchNorm2d(2048, eps=0.001, momentum=0.1, affine=True, track_running_stats=True)
      (act_pw): ReLU(inplace=True)
    )
  )
)
2025-05-04 15:39:01,791 - INFO - Grad-CAM gespeichert: gradcam\xception41\jpeg\TN_fake_1.jpg
2025-05-04 15:39:01,810 - INFO - Grad-CAM gespeichert: gradcam\xception41\jpeg\TN_fake_2.jpg
2025-05-04 15:39:01,832 - INFO - Grad-CAM gespeichert: gradcam\xception41\jpeg\FN_real_1.jpg
2025-05-04 15:39:01,849 - INFO - Grad-CAM gespeichert: gradcam\xception41\jpeg\FN_real_2.jpg
2025-05-04 15:39:01,866 - INFO - Grad-CAM gespeichert: gradcam\xception41\jpeg\TP_real_1.jpg
2025-05-04 15:39:01,885 - INFO - Grad-CAM gespeichert: gradcam\xception41\jpeg\TP_real_2.jpg
2025-05-04 15:39:01,907 - INFO - Grad-CAM gespeichert: gradcam\xception41\jpeg\FP_fake_1.jpg
2025-05-04 15:39:01,930 - INFO - Grad-CAM gespeichert: gradcam\xception41\jpeg\FP_fake_2.jpg
2025-05-04 15:39:01,930 - INFO - Grad-CAM: 8 Visualisierungen gespeichert.
2025-05-04 15:39:01,931 - INFO - Starte Evaluation für Modell: xception41
2025-05-04 15:39:01,931 - INFO - Gerät: cuda
2025-05-04 15:39:01,936 - INFO - Testbilder: 1875 Bilder aus data/combined_test_noisy
2025-05-04 15:39:24,707 - INFO - GPU Speicher belegt: 125.62 MB, reserviert: 1940.00 MB
2025-05-04 15:39:24,712 - INFO - Accuracy:  0.5445
2025-05-04 15:39:24,712 - INFO - Precision: 0.5276
2025-05-04 15:39:24,712 - INFO - Recall:    0.9653
2025-05-04 15:39:24,712 - INFO - F1-Score:  0.6823
2025-05-04 15:39:24,712 - INFO - Confusion Matrix: TN=104, FP=821, FN=33, TP=917
2025-05-04 15:39:24,712 - INFO - Durchschnittliche Vorhersagezeit pro Bild: 0.0001 Sekunden
2025-05-04 15:39:24,713 - INFO - Target-Layer für Grad-CAM: XceptionModule(
  (stack): Sequential(
    (conv1): SeparableConv2d(
      (conv_dw): Conv2d(1024, 1024, kernel_size=(3, 3), stride=(1, 1), padding=(1, 1), groups=1024, bias=False)
      (bn_dw): BatchNorm2d(1024, eps=0.001, momentum=0.1, affine=True, track_running_stats=True)
      (act_dw): ReLU(inplace=True)
      (conv_pw): Conv2d(1024, 1536, kernel_size=(1, 1), stride=(1, 1), bias=False)
      (bn_pw): BatchNorm2d(1536, eps=0.001, momentum=0.1, affine=True, track_running_stats=True)
      (act_pw): ReLU(inplace=True)
    )
    (conv2): SeparableConv2d(
      (conv_dw): Conv2d(1536, 1536, kernel_size=(3, 3), stride=(1, 1), padding=(1, 1), groups=1536, bias=False)
      (bn_dw): BatchNorm2d(1536, eps=0.001, momentum=0.1, affine=True, track_running_stats=True)
      (act_dw): ReLU(inplace=True)
      (conv_pw): Conv2d(1536, 1536, kernel_size=(1, 1), stride=(1, 1), bias=False)
      (bn_pw): BatchNorm2d(1536, eps=0.001, momentum=0.1, affine=True, track_running_stats=True)
      (act_pw): ReLU(inplace=True)
    )
    (conv3): SeparableConv2d(
      (conv_dw): Conv2d(1536, 1536, kernel_size=(3, 3), stride=(1, 1), padding=(1, 1), groups=1536, bias=False)
      (bn_dw): BatchNorm2d(1536, eps=0.001, momentum=0.1, affine=True, track_running_stats=True)
      (act_dw): ReLU(inplace=True)
      (conv_pw): Conv2d(1536, 2048, kernel_size=(1, 1), stride=(1, 1), bias=False)
      (bn_pw): BatchNorm2d(2048, eps=0.001, momentum=0.1, affine=True, track_running_stats=True)
      (act_pw): ReLU(inplace=True)
    )
  )
)
2025-05-04 15:39:24,737 - INFO - Grad-CAM gespeichert: gradcam\xception41\noisy\TN_fake_1.jpg
2025-05-04 15:39:24,762 - INFO - Grad-CAM gespeichert: gradcam\xception41\noisy\FN_real_1.jpg
2025-05-04 15:39:24,782 - INFO - Grad-CAM gespeichert: gradcam\xception41\noisy\TN_fake_2.jpg
2025-05-04 15:39:24,805 - INFO - Grad-CAM gespeichert: gradcam\xception41\noisy\FN_real_2.jpg
2025-05-04 15:39:24,827 - INFO - Grad-CAM gespeichert: gradcam\xception41\noisy\TP_real_1.jpg
2025-05-04 15:39:24,846 - INFO - Grad-CAM gespeichert: gradcam\xception41\noisy\TP_real_2.jpg
2025-05-04 15:39:24,867 - INFO - Grad-CAM gespeichert: gradcam\xception41\noisy\FP_fake_1.jpg
2025-05-04 15:39:24,889 - INFO - Grad-CAM gespeichert: gradcam\xception41\noisy\FP_fake_2.jpg
2025-05-04 15:39:24,890 - INFO - Grad-CAM: 8 Visualisierungen gespeichert.
2025-05-04 15:39:24,891 - INFO - Starte Evaluation für Modell: xception41
2025-05-04 15:39:24,891 - INFO - Gerät: cuda
2025-05-04 15:39:24,896 - INFO - Testbilder: 1875 Bilder aus data/combined_test_scaled
2025-05-04 15:39:43,303 - INFO - GPU Speicher belegt: 125.62 MB, reserviert: 1940.00 MB
2025-05-04 15:39:43,309 - INFO - Accuracy:  0.6272
2025-05-04 15:39:43,309 - INFO - Precision: 0.5871
2025-05-04 15:39:43,309 - INFO - Recall:    0.8905
2025-05-04 15:39:43,309 - INFO - F1-Score:  0.7077
2025-05-04 15:39:43,309 - INFO - Confusion Matrix: TN=330, FP=595, FN=104, TP=846
2025-05-04 15:39:43,309 - INFO - Durchschnittliche Vorhersagezeit pro Bild: 0.0001 Sekunden
2025-05-04 15:39:43,310 - INFO - Target-Layer für Grad-CAM: XceptionModule(
  (stack): Sequential(
    (conv1): SeparableConv2d(
      (conv_dw): Conv2d(1024, 1024, kernel_size=(3, 3), stride=(1, 1), padding=(1, 1), groups=1024, bias=False)
      (bn_dw): BatchNorm2d(1024, eps=0.001, momentum=0.1, affine=True, track_running_stats=True)
      (act_dw): ReLU(inplace=True)
      (conv_pw): Conv2d(1024, 1536, kernel_size=(1, 1), stride=(1, 1), bias=False)
      (bn_pw): BatchNorm2d(1536, eps=0.001, momentum=0.1, affine=True, track_running_stats=True)
      (act_pw): ReLU(inplace=True)
    )
    (conv2): SeparableConv2d(
      (conv_dw): Conv2d(1536, 1536, kernel_size=(3, 3), stride=(1, 1), padding=(1, 1), groups=1536, bias=False)
      (bn_dw): BatchNorm2d(1536, eps=0.001, momentum=0.1, affine=True, track_running_stats=True)
      (act_dw): ReLU(inplace=True)
      (conv_pw): Conv2d(1536, 1536, kernel_size=(1, 1), stride=(1, 1), bias=False)
      (bn_pw): BatchNorm2d(1536, eps=0.001, momentum=0.1, affine=True, track_running_stats=True)
      (act_pw): ReLU(inplace=True)
    )
    (conv3): SeparableConv2d(
      (conv_dw): Conv2d(1536, 1536, kernel_size=(3, 3), stride=(1, 1), padding=(1, 1), groups=1536, bias=False)
      (bn_dw): BatchNorm2d(1536, eps=0.001, momentum=0.1, affine=True, track_running_stats=True)
      (act_dw): ReLU(inplace=True)
      (conv_pw): Conv2d(1536, 2048, kernel_size=(1, 1), stride=(1, 1), bias=False)
      (bn_pw): BatchNorm2d(2048, eps=0.001, momentum=0.1, affine=True, track_running_stats=True)
      (act_pw): ReLU(inplace=True)
    )
  )
)
2025-05-04 15:39:43,327 - INFO - Grad-CAM gespeichert: gradcam\xception41\scaled\TN_fake_1.jpg
2025-05-04 15:39:43,343 - INFO - Grad-CAM gespeichert: gradcam\xception41\scaled\TN_fake_2.jpg
2025-05-04 15:39:43,358 - INFO - Grad-CAM gespeichert: gradcam\xception41\scaled\FN_real_1.jpg
2025-05-04 15:39:43,374 - INFO - Grad-CAM gespeichert: gradcam\xception41\scaled\FN_real_2.jpg
2025-05-04 15:39:43,390 - INFO - Grad-CAM gespeichert: gradcam\xception41\scaled\TP_real_1.jpg
2025-05-04 15:39:43,406 - INFO - Grad-CAM gespeichert: gradcam\xception41\scaled\TP_real_2.jpg
2025-05-04 15:39:43,422 - INFO - Grad-CAM gespeichert: gradcam\xception41\scaled\FP_fake_1.jpg
2025-05-04 15:39:43,438 - INFO - Grad-CAM gespeichert: gradcam\xception41\scaled\FP_fake_2.jpg
2025-05-04 15:39:43,438 - INFO - Grad-CAM: 8 Visualisierungen gespeichert.
